<?xml version="1.0" encoding="UTF-8"?>
<!-- Generated by org.testng.reporters.JUnitReportReporter -->
<testsuite hostname="DESKTOP-RUHJHUR" failures="0" tests="1" name="MavenPackage.Newlaunch" time="3.816" errors="0" timestamp="2023-01-21T15:22:04 IST" skipped="0">
  <testcase classname="MavenPackage.Newlaunch" name="f" time="3.816"/>
  <system-out/>
</testsuite> <!-- MavenPackage.Newlaunch -->
